1. ~NoLeakH1 ~NoLeakH2 NoLeak {}
2. ~okH1 NoLeakH1 {}
3. okH1 V1 NoLeakH1 {}
4. ~okH2 NoLeakH2 {}
5. okH2 V2 NoLeakH2 {}
6. ~okH2 {}
7. okH1 {}
8. ~V2 {}
9. NoLeak {}
10. V2 NoLeakH2 {6,5}
11. NoLeakH1 {7,2}
12. okH2 NoLeakH2 {8,5}
13. ~okH1 NoLeak ~NoLeakH2 {2,1}
14. V1 NoLeakH1 {2,3}
15. ~NoLeakH1 NoLeak ~okH2 {4,1}
16. V1 NoLeak ~NoLeakH2 okH1 {1,3}
17. NoLeak ~NoLeakH1 okH2 V2 {1,5}
18. NoLeakH2 {6,12}
19. NoLeak V2 ~NoLeakH1 {6,17}
20. NoLeak ~NoLeakH2 {7,13}
21. okH2 NoLeak ~NoLeakH1 {8,17}
22. NoLeak ~okH2 {11,15}
23. okH2 NoLeak V2 {11,17}
24. ~okH1 NoLeak ~okH2 {2,15}
25. V1 NoLeak NoLeakH1 ~NoLeakH2 {2,16}
26. okH2 NoLeak ~okH1 V2 {2,17}
27. V1 NoLeak okH1 ~okH2 {4,16}
28. NoLeak ~NoLeakH1 NoLeakH2 V2 {4,17}
29. ~NoLeakH1 V2 NoLeak {10,1}
30. ~okH1 V2 NoLeak {10,13}
31. V1 V2 okH1 NoLeak {10,16}
32. okH2 ~okH1 NoLeak {12,13}
33. NoLeak ~NoLeakH1 NoLeakH2 {12,15}
34. V1 NoLeak okH2 okH1 {12,16}
35. V1 NoLeak ~NoLeakH2 {14,1}
36. V1 NoLeak ~okH2 {14,15}
37. V1 NoLeak okH2 V2 {14,17}
38. V1 NoLeak ~okH2 okH1 {3,15}
39. V1 NoLeak okH2 okH1 V2 {3,17}
40. ~okH1 V2 okH2 NoLeak {5,13}
41. V2 ~NoLeakH1 NoLeakH2 NoLeak {5,15}
42. V1 V2 okH2 okH1 NoLeak {5,16}
43. NoLeak ~NoLeakH1 V2 {15,17}
44. NoLeak ~NoLeakH1 {6,21}
45. NoLeak V2 {6,23}
46. ~okH1 NoLeak {6,32}
47. ~okH1 NoLeak V2 {6,26}
48. V1 NoLeak okH1 {6,34}
49. V1 NoLeak V2 {6,37}
50. V1 NoLeak okH1 V2 {6,39}
51. V2 NoLeak {7,30}
52. okH2 NoLeak {7,32}
53. okH2 V2 NoLeak {7,40}
54. ~NoLeakH1 NoLeak {8,29}
55. ~NoLeakH1 NoLeak NoLeakH2 {8,28}
56. V1 okH1 NoLeak {8,31}
57. okH2 V1 NoLeak {8,37}
58. ~okH1 okH2 NoLeak {8,40}
59. ~NoLeakH1 NoLeakH2 NoLeak {8,41}
60. V1 okH2 okH1 NoLeak {8,42}
61. NoLeak NoLeakH2 {11,33}
62. NoLeak NoLeakH2 V2 {11,28}
63. V2 NoLeakH2 NoLeak {11,41}
64. V1 NoLeak {18,35}
65. V1 NoLeak NoLeakH1 {18,25}
66. ~okH1 NoLeak NoLeakH2 {2,33}
67. V1 NoLeak ~okH2 NoLeakH1 {2,27}
68. NoLeak NoLeakH2 ~okH1 V2 {2,28}
69. V1 V2 NoLeakH1 NoLeak {2,31}
70. okH2 NoLeak NoLeakH1 V1 {2,34}
71. V1 NoLeak NoLeakH1 ~okH2 {2,38}
72. V2 NoLeakH2 ~okH1 NoLeak {2,41}
73. okH2 NoLeak NoLeakH1 V1 V2 {2,39}
74. okH2 V2 NoLeakH1 V1 NoLeak {2,42}
75. NoLeak V2 NoLeakH2 {4,23}
76. ~okH1 NoLeak NoLeakH2 V2 {4,26}
77. V1 NoLeak okH1 NoLeakH2 {4,34}
78. V1 NoLeak NoLeakH2 V2 {4,37}
79. V1 NoLeak okH1 NoLeakH2 V2 {4,39}
80. V1 V2 okH1 NoLeakH2 NoLeak {4,42}
81. V1 V2 NoLeak {10,35}
82. V1 NoLeak NoLeakH2 {12,36}
83. V1 NoLeak NoLeakH1 okH2 {12,25}
84. V1 NoLeak NoLeakH2 okH1 {12,27}
85. V1 V2 NoLeakH2 NoLeak {14,41}
86. ~NoLeakH1 NoLeak V2 {20,28}
87. NoLeak ~okH1 V2 {22,40}
88. V1 NoLeak NoLeakH1 okH2 V2 {3,26}
89. V1 NoLeak NoLeakH2 okH1 V2 {3,28}
90. V1 V2 okH2 NoLeakH1 NoLeak {3,40}
91. V1 V2 NoLeakH2 okH1 NoLeak {3,41}
92. ~okH1 V2 NoLeakH2 NoLeak {5,24}
93. V1 V2 okH2 NoLeak {5,35}
94. V1 V2 NoLeakH1 okH2 NoLeak {5,25}
95. ~NoLeakH1 NoLeak ~okH1 {13,33}
96. V1 NoLeak ~okH2 ~NoLeakH2 {13,27}
97. ~NoLeakH1 NoLeak ~okH1 V2 {13,28}
98. V1 NoLeak ~NoLeakH2 V2 {13,31}
99. okH2 NoLeak ~NoLeakH2 V1 {13,34}
100. V1 NoLeak ~NoLeakH2 ~okH2 {13,38}
101. NoLeak V1 V2 ~NoLeakH2 okH2 {13,39}
102. ~okH1 NoLeak ~NoLeakH1 {15,32}
103. ~okH1 NoLeak ~NoLeakH1 V2 {15,26}
104. V1 NoLeak okH1 ~NoLeakH1 {15,34}
105. V1 NoLeak ~NoLeakH1 V2 {15,37}
106. NoLeak ~NoLeakH1 ~okH1 V2 {15,40}
107. NoLeak V1 V2 ~NoLeakH1 okH1 {15,39}
108. V1 NoLeak V2 ~NoLeakH2 {19,25}
109. V1 NoLeak ~NoLeakH1 {21,36}
110. V1 NoLeak okH2 ~NoLeakH2 {21,25}
111. V1 NoLeak ~NoLeakH1 okH1 {21,27}
112. NoLeak ~okH1 {24,32}
113. V1 NoLeak ~okH2 V2 {24,31}
114. NoLeak V1 ~okH1 V2 {24,37}
115. V1 V2 NoLeak ~NoLeakH2 {29,25}
116. V1 V2 ~NoLeakH2 NoLeak {30,16}
117. V1 V2 ~okH2 NoLeak {30,27}
118. okH2 V2 V1 NoLeak {30,34}
119. NoLeak V1 V2 okH2 {30,39}
120. ~okH1 NoLeak V1 {32,36}
121. NoLeak ~NoLeakH2 V1 okH2 {32,16}
122. NoLeak V1 okH2 V2 {32,31}
123. NoLeak V1 okH2 {32,34}
124. ~NoLeakH1 V1 NoLeak V2 {35,28}
125. V1 NoLeak ~okH1 V2 {36,26}
126. NoLeak V1 V2 okH1 {36,39}
127. NoLeak ~NoLeakH1 V1 V2 okH1 {16,28}
128. NoLeak V1 V2 okH2 ~NoLeakH2 {17,25}
129. NoLeak V1 okH1 {27,34}
130. V1 NoLeak NoLeakH1 V2 {6,73}
131. V2 NoLeak NoLeakH2 {7,72}
132. NoLeakH2 NoLeak {8,63}
133. ~okH1 NoLeakH2 NoLeak {8,72}
134. V1 NoLeakH2 NoLeak {8,85}
135. ~okH1 V1 NoLeak {8,114}
136. V1 ~NoLeakH2 NoLeak {8,115}
137. V1 ~okH2 NoLeak {8,117}
138. V1 NoLeak okH2 NoLeakH1 {8,73}
139. V1 okH2 NoLeak NoLeakH1 {8,74}
140. V1 NoLeakH2 okH1 NoLeak {8,80}
141. V1 NoLeak NoLeakH1 NoLeakH2 {2,77}
142. V1 NoLeak NoLeakH1 NoLeakH2 V2 {2,79}
143. V1 V2 NoLeakH1 NoLeakH2 NoLeak {2,80}
144. V1 NoLeak okH2 {12,99}
145. okH2 NoLeak V1 {46,34}
146. okH2 NoLeak V1 V2 {46,39}
147. NoLeak ~NoLeakH1 ~okH1 {1,66}
148. V1 NoLeak ~NoLeakH2 okH2 {1,70}
149. V1 NoLeak ~okH1 {13,82}
150. V1 NoLeak ~NoLeakH2 ~NoLeakH1 {13,104}
151. NoLeak V1 V2 ~NoLeakH2 ~NoLeakH1 {13,107}
152. NoLeak V1 ~okH1 {24,57}
153. NoLeak NoLeakH1 V1 ~okH1 {24,70}
154. V1 NoLeak NoLeakH2 ~okH2 {24,77}
155. NoLeak ~NoLeakH2 V1 ~okH1 {24,99}
156. V1 NoLeak ~NoLeakH1 ~okH2 {24,104}
157. NoLeak ~okH1 V1 V2 NoLeakH1 {24,73}
158. NoLeak ~okH2 V1 V2 NoLeakH2 {24,79}
159. NoLeak ~okH1 V1 V2 ~NoLeakH2 {24,101}
160. NoLeak ~okH2 V1 V2 ~NoLeakH1 {24,107}
161. V1 V2 ~NoLeakH1 NoLeak {30,104}
162. NoLeak V1 V2 NoLeakH2 {30,79}
163. NoLeak V1 V2 ~NoLeakH1 {30,107}
164. ~okH1 NoLeak NoLeakH1 V1 {32,67}
165. NoLeak NoLeakH2 V1 okH2 {32,77}
166. ~okH1 NoLeak ~NoLeakH2 V1 {32,96}
167. NoLeak ~NoLeakH1 V1 okH2 {32,104}
168. ~okH1 NoLeak V1 V2 {32,113}
169. NoLeak V1 V2 NoLeakH2 okH2 {32,79}
170. NoLeak V1 V2 ~NoLeakH1 okH2 {32,107}
171. V1 NoLeak NoLeakH2 okH2 {33,70}
172. V1 NoLeak ~NoLeakH1 okH2 {33,99}
173. NoLeak NoLeakH2 V1 V2 okH2 {33,73}
174. ~NoLeakH1 V1 NoLeak {35,55}
175. NoLeak V1 V2 NoLeakH1 {36,73}
176. NoLeak V1 V2 ~NoLeakH2 {36,101}
177. okH2 NoLeak NoLeakH2 V1 {58,77}
178. okH2 NoLeak ~NoLeakH1 V1 {58,104}
179. V1 NoLeak NoLeakH1 ~okH1 {66,25}
180. V1 NoLeak ~okH2 NoLeakH2 {66,27}
181. V1 NoLeak ~okH1 ~okH2 {66,96}
182. okH2 NoLeak V1 ~okH1 {66,99}
183. V1 NoLeak ~NoLeakH1 NoLeakH2 {66,104}
184. NoLeak ~okH1 V1 V2 okH2 {66,101}
185. NoLeak ~NoLeakH1 V1 V2 NoLeakH2 {66,107}
186. V1 NoLeak ~okH1 ~NoLeakH2 {95,25}
187. V1 NoLeak ~okH2 ~NoLeakH1 {95,27}
188. V1 NoLeak NoLeakH2 ~NoLeakH1 {95,77}
189. NoLeak NoLeakH2 V1 V2 ~NoLeakH1 {95,79}
190. NoLeak V1 NoLeakH1 okH1 {25,77}
191. NoLeak V1 okH1 ~NoLeakH2 {25,104}
192. NoLeak V1 V2 NoLeakH1 okH1 {25,79}
193. NoLeak V1 V2 okH1 ~NoLeakH2 {25,107}
194. NoLeak ~okH1 V1 V2 {26,113}
195. NoLeak V1 ~NoLeakH2 okH1 {27,99}
196. NoLeak ~okH2 V1 V2 {27,114}
197. NoLeak V1 V2 ~NoLeakH2 okH1 {27,101}
198. NoLeak NoLeakH2 ~okH2 V1 V2 {28,67}
199. NoLeak NoLeakH2 V1 V2 {28,69}
200. NoLeak V1 V2 {31,114}
201. NoLeak V1 NoLeakH1 {67,70}
202. NoLeak ~okH1 ~okH2 V1 V2 {67,97}
203. NoLeak V1 NoLeakH1 ~NoLeakH2 {67,99}
204. NoLeak ~okH2 V1 okH1 {67,104}
205. NoLeak V1 V2 NoLeakH1 ~NoLeakH2 {67,101}
206. NoLeak ~okH2 V1 V2 okH1 {67,107}
207. NoLeak V1 okH2 okH1 {70,104}
208. NoLeak V1 V2 okH2 okH1 {70,107}
209. NoLeak V1 ~NoLeakH2 {96,99}
210. NoLeak V1 V2 ~NoLeakH2 NoLeakH1 {96,73}
211. V1 ~NoLeakH1 NoLeak {8,161}
212. V1 NoLeak NoLeakH2 NoLeakH1 {8,142}
213. V1 NoLeakH2 NoLeak NoLeakH1 {8,143}
214. V1 NoLeak ~NoLeakH1 ~NoLeakH2 {8,151}
215. V1 NoLeak ~okH1 NoLeakH1 {8,157}
216. V1 NoLeak okH2 ~okH1 {8,184}
217. ~NoLeakH1 V1 NoLeak NoLeakH2 {8,185}
218. V1 NoLeak okH1 NoLeakH1 {8,192}
219. V1 NoLeak okH1 ~NoLeakH2 {8,193}
220. V1 NoLeak ~NoLeakH2 NoLeakH1 {8,210}
221. NoLeakH2 V1 NoLeak {11,188}
222. V1 NoLeak V2 NoLeakH1 {18,205}
223. V1 V2 ~okH1 NoLeak {2,161}
224. V1 NoLeak NoLeakH2 ~okH1 {2,183}
225. V1 NoLeak ~okH1 NoLeakH2 {2,188}
226. V1 NoLeak ~okH1 V2 ~NoLeakH2 {2,151}
227. V1 NoLeak ~okH1 ~okH2 V2 {2,160}
228. okH2 NoLeak V1 ~okH1 V2 {2,170}
229. V1 NoLeak NoLeakH2 ~okH1 V2 {2,185}
230. V1 NoLeak ~okH1 NoLeakH2 V2 {2,189}
231. V1 NoLeak NoLeakH1 V2 ~NoLeakH2 {2,193}
232. V1 NoLeak NoLeakH1 ~okH2 V2 {2,206}
233. ~NoLeakH1 V1 NoLeak ~okH2 {4,150}
234. V1 NoLeak ~NoLeakH1 ~okH2 V2 {4,151}
235. V1 NoLeak ~NoLeakH1 NoLeakH2 V2 {4,170}
236. V1 NoLeak okH1 ~okH2 V2 {4,193}
237. V1 NoLeak ~okH2 V2 NoLeakH1 {4,205}
238. ~NoLeakH1 V1 V2 NoLeak {10,150}
239. V1 V2 NoLeak NoLeakH1 {10,205}
240. ~NoLeakH1 V1 NoLeak okH2 {12,150}
241. ~okH1 NoLeak V1 okH2 {12,155}
242. ~okH1 NoLeak NoLeakH2 V1 {12,181}
243. V1 NoLeak ~NoLeakH1 okH2 V2 {12,151}
244. ~okH1 NoLeak V1 okH2 V2 {12,159}
245. ~okH1 NoLeak NoLeakH2 V1 V2 {12,202}
246. V1 NoLeak okH2 V2 NoLeakH1 {12,205}
247. V1 NoLeak ~NoLeakH2 ~okH1 {1,153}
248. NoLeak V1 V2 NoLeakH1 okH2 {3,184}
249. NoLeak V1 V2 NoLeakH2 okH1 {3,185}
250. NoLeak NoLeakH2 V1 V2 okH1 {3,189}
251. NoLeak ~okH2 V1 V2 NoLeakH1 {3,202}
252. ~NoLeakH1 V1 V2 okH2 NoLeak {5,150}
253. ~okH1 V2 V1 okH2 NoLeak {5,155}
254. V1 V2 ~NoLeakH1 NoLeakH2 NoLeak {5,156}
255. ~okH1 V2 NoLeakH2 V1 NoLeak {5,181}
256. NoLeak ~NoLeakH1 V1 V2 okH2 {5,151}
257. NoLeak ~okH1 V1 V2 NoLeakH2 {5,202}
258. NoLeak V1 V2 okH2 NoLeakH1 {5,205}
259. ~NoLeakH1 V1 NoLeak ~okH1 {13,183}
260. V1 NoLeak ~NoLeakH1 ~okH1 {13,188}
261. NoLeak ~NoLeakH1 ~okH1 V1 V2 {13,185}
262. NoLeak ~okH1 V1 V2 ~NoLeakH1 {13,189}
263. NoLeak ~okH2 V1 V2 ~NoLeakH2 {13,206}
264. V1 NoLeak okH2 NoLeakH2 {21,141}
265. ~okH1 NoLeak ~NoLeakH1 V1 {21,181}
266. NoLeak NoLeakH2 V1 ~okH1 {24,165}
267. NoLeak ~NoLeakH1 V1 ~okH1 {24,167}
268. NoLeak NoLeakH1 V1 okH2 {32,190}
269. NoLeak NoLeakH2 ~okH1 V1 V2 {33,157}
270. NoLeak ~NoLeakH1 V1 V2 {35,185}
271. ~okH1 V2 V1 NoLeak {53,181}
272. NoLeak V1 V2 NoLeakH1 NoLeakH2 {66,192}
273. NoLeak V1 okH1 NoLeakH1 {16,141}
274. NoLeak V1 ~NoLeakH2 NoLeakH1 {16,153}
275. NoLeak ~okH2 V1 ~NoLeakH2 {16,181}
276. NoLeak V1 ~NoLeakH2 okH2 {16,182}
277. NoLeak ~NoLeakH1 V1 okH1 {16,183}
278. NoLeak V1 ~NoLeakH1 okH1 {16,188}
279. NoLeak V1 V2 okH1 NoLeakH1 {16,142}
280. NoLeak ~okH2 V1 NoLeakH1 {25,154}
281. NoLeak V1 NoLeakH1 okH2 {25,165}
282. NoLeak V1 okH2 ~NoLeakH2 {25,167}
283. NoLeak V1 NoLeakH2 okH1 {27,165}
284. NoLeak ~okH2 V1 {27,181}
285. NoLeak V1 NoLeakH1 NoLeakH2 {67,165}
286. NoLeak ~okH1 V1 NoLeakH1 {67,182}
287. NoLeak ~okH2 V1 NoLeakH2 {67,183}
288. NoLeak NoLeakH2 ~okH2 V1 {67,188}
289. NoLeak V1 NoLeakH2 okH2 {70,183}
290. NoLeak V1 ~NoLeakH2 ~NoLeakH1 {96,167}
291. NoLeak ~okH1 V1 ~NoLeakH2 {96,182}
292. NoLeak ~NoLeakH1 ~okH2 V1 {96,183}
293. NoLeak ~okH2 V1 ~NoLeakH1 {96,188}
294. NoLeak ~NoLeakH1 ~okH2 V1 V2 {96,185}
295. NoLeak V1 okH2 NoLeakH1 {99,141}
296. NoLeak V1 ~NoLeakH1 okH2 {99,188}
297. NoLeak NoLeakH2 V1 okH1 {104,141}
298. NoLeak V1 NoLeakH2 {141,183}
299. NoLeak V1 ~NoLeakH1 {150,183}
300. NoLeak ~okH1 ~okH2 V1 {153,156}
301. NoLeak ~okH1 V1 okH2 {153,167}
302. NoLeak ~okH1 V1 NoLeakH2 {153,183}
303. NoLeak NoLeakH2 ~okH1 V1 {153,188}
304. NoLeak ~NoLeakH1 V1 NoLeakH2 {154,167}
305. NoLeak ~NoLeakH1 ~okH1 V1 {155,183}
306. NoLeak ~okH1 V1 ~NoLeakH1 {155,188}
307. NoLeak NoLeakH2 V1 ~NoLeakH1 {156,165}
308. NoLeak ~okH1 V1 {181,182}
309. V1 NoLeakH1 NoLeak {8,239}
310. V1 ~NoLeakH1 okH2 NoLeak {8,252}
311. V1 okH2 ~okH1 NoLeak {8,253}
312. ~NoLeakH1 V1 NoLeakH2 NoLeak {8,254}
313. V1 NoLeakH2 ~okH1 NoLeak {8,255}
314. V1 NoLeak ~okH2 NoLeakH1 V2 {2,236}
315. okH2 V2 V1 ~okH1 NoLeak {2,252}
316. V1 V2 NoLeakH2 ~okH1 NoLeak {2,254}
317. V1 V2 okH2 NoLeak NoLeakH1 {5,220}
318. NoLeak NoLeakH2 V1 {183,212}
319. NoLeak ~NoLeakH1 V1 {188,214}
320. V1 V2 NoLeak ~okH1 {6,315}
321. V1 okH2 NoLeak ~okH1 {8,315}
322. V1 V2 NoLeakH2 NoLeak ~okH1 {4,315}
Cannot be resolved
